2025-05-26 15:21:09 [main] INFO  i.m.l.PropertiesLoggingLevelsConfigurer - Setting log level 'INFO' for logger: 'io.micronaut'
2025-05-26 15:21:09 [main] INFO  i.m.l.PropertiesLoggingLevelsConfigurer - Setting log level 'INFO' for logger: 'io.micronaut.security'
2025-05-26 15:21:09 [main] INFO  io.micronaut.runtime.Micronaut - Startup completed in 154ms. Server Running: http://127.0.0.1:30000/ame/api
2025-05-26 16:32:46 [main] INFO  i.m.l.PropertiesLoggingLevelsConfigurer - Setting log level 'INFO' for logger: 'io.micronaut'
2025-05-26 16:32:46 [main] INFO  i.m.l.PropertiesLoggingLevelsConfigurer - Setting log level 'INFO' for logger: 'io.micronaut.security'
2025-05-26 16:32:46 [main] INFO  io.micronaut.runtime.Micronaut - Startup completed in 140ms. Server Running: http://127.0.0.1:30000/ame/api
2025-05-26 16:51:13 [main] INFO  i.m.l.PropertiesLoggingLevelsConfigurer - Setting log level 'INFO' for logger: 'io.micronaut'
2025-05-26 16:51:13 [main] INFO  i.m.l.PropertiesLoggingLevelsConfigurer - Setting log level 'INFO' for logger: 'io.micronaut.security'
2025-05-26 16:51:13 [main] INFO  io.micronaut.runtime.Micronaut - Startup completed in 147ms. Server Running: http://127.0.0.1:30000/ame/api
2025-05-27 16:45:35 [main] INFO  i.m.l.PropertiesLoggingLevelsConfigurer - Setting log level 'INFO' for logger: 'io.micronaut'
2025-05-27 16:45:35 [main] INFO  i.m.l.PropertiesLoggingLevelsConfigurer - Setting log level 'INFO' for logger: 'io.micronaut.security'
2025-05-27 16:45:36 [main] INFO  io.micronaut.runtime.Micronaut - Startup completed in 148ms. Server Running: http://127.0.0.1:30000/ame/api
2025-05-27 16:46:11 [main] INFO  i.m.l.PropertiesLoggingLevelsConfigurer - Setting log level 'INFO' for logger: 'io.micronaut'
2025-05-27 16:46:11 [main] INFO  i.m.l.PropertiesLoggingLevelsConfigurer - Setting log level 'INFO' for logger: 'io.micronaut.security'
2025-05-27 16:46:11 [main] INFO  io.micronaut.runtime.Micronaut - Startup completed in 114ms. Server Running: http://127.0.0.1:30000/ame/api
2025-05-27 17:15:12 [main] INFO  i.m.l.PropertiesLoggingLevelsConfigurer - Setting log level 'INFO' for logger: 'io.micronaut'
2025-05-27 17:15:12 [main] INFO  i.m.l.PropertiesLoggingLevelsConfigurer - Setting log level 'INFO' for logger: 'io.micronaut.security'
2025-05-27 17:15:12 [main] INFO  io.micronaut.runtime.Micronaut - Startup completed in 174ms. Server Running: http://127.0.0.1:30000/ame/api
2025-05-27 17:18:34 [main] INFO  i.m.l.PropertiesLoggingLevelsConfigurer - Setting log level 'INFO' for logger: 'io.micronaut'
2025-05-27 17:18:34 [main] INFO  i.m.l.PropertiesLoggingLevelsConfigurer - Setting log level 'INFO' for logger: 'io.micronaut.security'
2025-05-27 17:18:34 [main] INFO  io.micronaut.runtime.Micronaut - Startup completed in 116ms. Server Running: http://127.0.0.1:30000/ame/api
2025-05-27 17:19:46 [main] INFO  i.m.l.PropertiesLoggingLevelsConfigurer - Setting log level 'INFO' for logger: 'io.micronaut'
2025-05-27 17:19:46 [main] INFO  i.m.l.PropertiesLoggingLevelsConfigurer - Setting log level 'INFO' for logger: 'io.micronaut.security'
2025-05-27 17:19:46 [main] INFO  io.micronaut.runtime.Micronaut - Startup completed in 105ms. Server Running: http://127.0.0.1:30000/ame/api
2025-05-28 13:12:51 [main] INFO  i.m.l.PropertiesLoggingLevelsConfigurer - Setting log level 'INFO' for logger: 'io.micronaut'
2025-05-28 13:12:51 [main] INFO  i.m.l.PropertiesLoggingLevelsConfigurer - Setting log level 'INFO' for logger: 'io.micronaut.security'
2025-05-28 13:12:51 [main] INFO  io.micronaut.runtime.Micronaut - Startup completed in 167ms. Server Running: http://127.0.0.1:30000/ame/api
2025-05-28 13:39:48 [default-nioEventLoopGroup-1-4] ERROR o.e.e.a.e.GlobalExceptionHandler - Exception org.eclipse.esmf.aspectmodel.urn.UrnSyntaxException with response code INTERNAL_SERVER_ERROR for request /ame/api/models
org.eclipse.esmf.aspectmodel.urn.UrnSyntaxException: The URN must consist of at least 5 sections adhering to the following schema: urn:samm:<organisation>:<optional>:<version>#<element-name>.
	at org.eclipse.esmf.aspectmodel.urn.AspectModelUrn.checkUrn(AspectModelUrn.java:468)
	at org.eclipse.esmf.aspectmodel.urn.AspectModelUrn.fromUrn(AspectModelUrn.java:125)
	at org.eclipse.esmf.aspectmodel.urn.AspectModelUrn.fromUrn(AspectModelUrn.java:106)
	at org.eclipse.esmf.ame.services.ModelService.loadModelFromUrn(ModelService.java:92)
	at org.eclipse.esmf.ame.services.ModelService.getModel(ModelService.java:79)
	at org.eclipse.esmf.ame.api.ModelController.getModel(ModelController.java:69)
	at org.eclipse.esmf.ame.api.$ModelController$Definition$Exec.dispatch(Unknown Source)
	at io.micronaut.context.AbstractExecutableMethodsDefinition$DispatchedExecutableMethod.invokeUnsafe(AbstractExecutableMethodsDefinition.java:461)
	at io.micronaut.context.DefaultBeanContext$BeanContextUnsafeExecutionHandle.invokeUnsafe(DefaultBeanContext.java:4354)
	at io.micronaut.web.router.AbstractRouteMatch.execute(AbstractRouteMatch.java:272)
	at io.micronaut.web.router.DefaultUriRouteMatch.execute(DefaultUriRouteMatch.java:38)
	at io.micronaut.http.server.RouteExecutor.executeRouteAndConvertBody(RouteExecutor.java:488)
	at io.micronaut.http.server.RouteExecutor.callRoute(RouteExecutor.java:478)
	at io.micronaut.http.server.RequestLifecycle.callRoute(RequestLifecycle.java:182)
	at io.micronaut.http.server.RequestLifecycle.executeRoute(RequestLifecycle.java:170)
	at io.micronaut.http.server.RequestLifecycle$2.provideResponse(RequestLifecycle.java:390)
	at io.micronaut.http.filter.FilterRunner.provideResponseAndHandleErrors(FilterRunner.java:372)
	at io.micronaut.http.filter.FilterRunner.filterRequest(FilterRunner.java:307)
	at io.micronaut.http.filter.FilterRunner.run(FilterRunner.java:247)
	at io.micronaut.http.server.RequestLifecycle.runServerFilters(RequestLifecycle.java:422)
	at io.micronaut.http.server.RequestLifecycle.normalFlow(RequestLifecycle.java:160)
	at io.micronaut.http.server.netty.NettyRequestLifecycle.handleNormal(NettyRequestLifecycle.java:93)
	at io.micronaut.http.server.netty.RoutingInBoundHandler.accept(RoutingInBoundHandler.java:236)
	at io.micronaut.http.server.netty.websocket.NettyServerWebSocketUpgradeHandler.accept(NettyServerWebSocketUpgradeHandler.java:156)
	at io.micronaut.http.server.netty.handler.PipeliningServerHandler$MessageInboundHandler.read(PipeliningServerHandler.java:394)
	at io.micronaut.http.server.netty.handler.PipeliningServerHandler.channelRead(PipeliningServerHandler.java:218)
	at io.netty.channel.AbstractChannelHandlerContext.invokeChannelRead(AbstractChannelHandlerContext.java:444)
	at io.netty.channel.AbstractChannelHandlerContext.invokeChannelRead(AbstractChannelHandlerContext.java:420)
	at io.netty.channel.AbstractChannelHandlerContext.fireChannelRead(AbstractChannelHandlerContext.java:412)
	at io.netty.channel.ChannelInboundHandlerAdapter.channelRead(ChannelInboundHandlerAdapter.java:93)
	at io.netty.handler.codec.http.websocketx.extensions.WebSocketServerExtensionHandler.onHttpRequestChannelRead(WebSocketServerExtensionHandler.java:158)
	at io.netty.handler.codec.http.websocketx.extensions.WebSocketServerExtensionHandler.channelRead(WebSocketServerExtensionHandler.java:82)
	at io.netty.channel.AbstractChannelHandlerContext.invokeChannelRead(AbstractChannelHandlerContext.java:442)
	at io.netty.channel.AbstractChannelHandlerContext.invokeChannelRead(AbstractChannelHandlerContext.java:420)
	at io.netty.channel.AbstractChannelHandlerContext.fireChannelRead(AbstractChannelHandlerContext.java:412)
	at io.netty.channel.CombinedChannelDuplexHandler$DelegatingChannelHandlerContext.fireChannelRead(CombinedChannelDuplexHandler.java:436)
	at io.netty.handler.codec.ByteToMessageDecoder.fireChannelRead(ByteToMessageDecoder.java:346)
	at io.netty.handler.codec.ByteToMessageDecoder.channelRead(ByteToMessageDecoder.java:318)
	at io.netty.channel.CombinedChannelDuplexHandler.channelRead(CombinedChannelDuplexHandler.java:251)
	at io.netty.channel.AbstractChannelHandlerContext.invokeChannelRead(AbstractChannelHandlerContext.java:442)
	at io.netty.channel.AbstractChannelHandlerContext.invokeChannelRead(AbstractChannelHandlerContext.java:420)
	at io.netty.channel.AbstractChannelHandlerContext.fireChannelRead(AbstractChannelHandlerContext.java:412)
	at io.netty.handler.timeout.IdleStateHandler.channelRead(IdleStateHandler.java:289)
	at io.netty.channel.AbstractChannelHandlerContext.invokeChannelRead(AbstractChannelHandlerContext.java:442)
	at io.netty.channel.AbstractChannelHandlerContext.invokeChannelRead(AbstractChannelHandlerContext.java:420)
	at io.netty.channel.AbstractChannelHandlerContext.fireChannelRead(AbstractChannelHandlerContext.java:412)
	at io.netty.channel.DefaultChannelPipeline$HeadContext.channelRead(DefaultChannelPipeline.java:1357)
	at io.netty.channel.AbstractChannelHandlerContext.invokeChannelRead(AbstractChannelHandlerContext.java:440)
	at io.netty.channel.AbstractChannelHandlerContext.invokeChannelRead(AbstractChannelHandlerContext.java:420)
	at io.netty.channel.DefaultChannelPipeline.fireChannelRead(DefaultChannelPipeline.java:868)
	at io.netty.channel.nio.AbstractNioByteChannel$NioByteUnsafe.read(AbstractNioByteChannel.java:166)
	at io.netty.channel.nio.NioEventLoop.processSelectedKey(NioEventLoop.java:796)
	at io.netty.channel.nio.NioEventLoop.processSelectedKeysOptimized(NioEventLoop.java:732)
	at io.netty.channel.nio.NioEventLoop.processSelectedKeys(NioEventLoop.java:658)
	at io.netty.channel.nio.NioEventLoop.run(NioEventLoop.java:562)
	at io.netty.util.concurrent.SingleThreadEventExecutor$4.run(SingleThreadEventExecutor.java:998)
	at io.netty.util.internal.ThreadExecutorMap$2.run(ThreadExecutorMap.java:74)
	at io.netty.util.concurrent.FastThreadLocalRunnable.run(FastThreadLocalRunnable.java:30)
	at java.base@21.0.7/java.lang.Thread.runWith(Thread.java:1596)
	at java.base@21.0.7/java.lang.Thread.run(Thread.java:1583)
	at org.graalvm.nativeimage.builder/com.oracle.svm.core.thread.PlatformThreads.threadStartRoutine(PlatformThreads.java:896)
	at org.graalvm.nativeimage.builder/com.oracle.svm.core.thread.PlatformThreads.threadStartRoutine(PlatformThreads.java:872)
2025-05-28 13:53:13 [default-nioEventLoopGroup-1-8] ERROR o.e.e.a.e.GlobalExceptionHandler - Exception org.eclipse.esmf.aspectmodel.urn.UrnSyntaxException with response code INTERNAL_SERVER_ERROR for request /ame/api/models
org.eclipse.esmf.aspectmodel.urn.UrnSyntaxException: The URN must consist of at least 5 sections adhering to the following schema: urn:samm:<organisation>:<optional>:<version>#<element-name>.
	at org.eclipse.esmf.aspectmodel.urn.AspectModelUrn.checkUrn(AspectModelUrn.java:468)
	at org.eclipse.esmf.aspectmodel.urn.AspectModelUrn.fromUrn(AspectModelUrn.java:125)
	at org.eclipse.esmf.aspectmodel.urn.AspectModelUrn.fromUrn(AspectModelUrn.java:106)
	at org.eclipse.esmf.ame.services.ModelService.loadModelFromUrn(ModelService.java:92)
	at org.eclipse.esmf.ame.services.ModelService.getModel(ModelService.java:79)
	at org.eclipse.esmf.ame.api.ModelController.getModel(ModelController.java:69)
	at org.eclipse.esmf.ame.api.$ModelController$Definition$Exec.dispatch(Unknown Source)
	at io.micronaut.context.AbstractExecutableMethodsDefinition$DispatchedExecutableMethod.invokeUnsafe(AbstractExecutableMethodsDefinition.java:461)
	at io.micronaut.context.DefaultBeanContext$BeanContextUnsafeExecutionHandle.invokeUnsafe(DefaultBeanContext.java:4354)
	at io.micronaut.web.router.AbstractRouteMatch.execute(AbstractRouteMatch.java:272)
	at io.micronaut.web.router.DefaultUriRouteMatch.execute(DefaultUriRouteMatch.java:38)
	at io.micronaut.http.server.RouteExecutor.executeRouteAndConvertBody(RouteExecutor.java:488)
	at io.micronaut.http.server.RouteExecutor.callRoute(RouteExecutor.java:478)
	at io.micronaut.http.server.RequestLifecycle.callRoute(RequestLifecycle.java:182)
	at io.micronaut.http.server.RequestLifecycle.executeRoute(RequestLifecycle.java:170)
	at io.micronaut.http.server.RequestLifecycle$2.provideResponse(RequestLifecycle.java:390)
	at io.micronaut.http.filter.FilterRunner.provideResponseAndHandleErrors(FilterRunner.java:372)
	at io.micronaut.http.filter.FilterRunner.filterRequest(FilterRunner.java:307)
	at io.micronaut.http.filter.FilterRunner.run(FilterRunner.java:247)
	at io.micronaut.http.server.RequestLifecycle.runServerFilters(RequestLifecycle.java:422)
	at io.micronaut.http.server.RequestLifecycle.normalFlow(RequestLifecycle.java:160)
	at io.micronaut.http.server.netty.NettyRequestLifecycle.handleNormal(NettyRequestLifecycle.java:93)
	at io.micronaut.http.server.netty.RoutingInBoundHandler.accept(RoutingInBoundHandler.java:236)
	at io.micronaut.http.server.netty.websocket.NettyServerWebSocketUpgradeHandler.accept(NettyServerWebSocketUpgradeHandler.java:156)
	at io.micronaut.http.server.netty.handler.PipeliningServerHandler$MessageInboundHandler.read(PipeliningServerHandler.java:394)
	at io.micronaut.http.server.netty.handler.PipeliningServerHandler.channelRead(PipeliningServerHandler.java:218)
	at io.netty.channel.AbstractChannelHandlerContext.invokeChannelRead(AbstractChannelHandlerContext.java:444)
	at io.netty.channel.AbstractChannelHandlerContext.invokeChannelRead(AbstractChannelHandlerContext.java:420)
	at io.netty.channel.AbstractChannelHandlerContext.fireChannelRead(AbstractChannelHandlerContext.java:412)
	at io.netty.channel.ChannelInboundHandlerAdapter.channelRead(ChannelInboundHandlerAdapter.java:93)
	at io.netty.handler.codec.http.websocketx.extensions.WebSocketServerExtensionHandler.onHttpRequestChannelRead(WebSocketServerExtensionHandler.java:158)
	at io.netty.handler.codec.http.websocketx.extensions.WebSocketServerExtensionHandler.channelRead(WebSocketServerExtensionHandler.java:82)
	at io.netty.channel.AbstractChannelHandlerContext.invokeChannelRead(AbstractChannelHandlerContext.java:442)
	at io.netty.channel.AbstractChannelHandlerContext.invokeChannelRead(AbstractChannelHandlerContext.java:420)
	at io.netty.channel.AbstractChannelHandlerContext.fireChannelRead(AbstractChannelHandlerContext.java:412)
	at io.netty.channel.CombinedChannelDuplexHandler$DelegatingChannelHandlerContext.fireChannelRead(CombinedChannelDuplexHandler.java:436)
	at io.netty.handler.codec.ByteToMessageDecoder.fireChannelRead(ByteToMessageDecoder.java:346)
	at io.netty.handler.codec.ByteToMessageDecoder.channelRead(ByteToMessageDecoder.java:318)
	at io.netty.channel.CombinedChannelDuplexHandler.channelRead(CombinedChannelDuplexHandler.java:251)
	at io.netty.channel.AbstractChannelHandlerContext.invokeChannelRead(AbstractChannelHandlerContext.java:442)
	at io.netty.channel.AbstractChannelHandlerContext.invokeChannelRead(AbstractChannelHandlerContext.java:420)
	at io.netty.channel.AbstractChannelHandlerContext.fireChannelRead(AbstractChannelHandlerContext.java:412)
	at io.netty.handler.timeout.IdleStateHandler.channelRead(IdleStateHandler.java:289)
	at io.netty.channel.AbstractChannelHandlerContext.invokeChannelRead(AbstractChannelHandlerContext.java:442)
	at io.netty.channel.AbstractChannelHandlerContext.invokeChannelRead(AbstractChannelHandlerContext.java:420)
	at io.netty.channel.AbstractChannelHandlerContext.fireChannelRead(AbstractChannelHandlerContext.java:412)
	at io.netty.channel.DefaultChannelPipeline$HeadContext.channelRead(DefaultChannelPipeline.java:1357)
	at io.netty.channel.AbstractChannelHandlerContext.invokeChannelRead(AbstractChannelHandlerContext.java:440)
	at io.netty.channel.AbstractChannelHandlerContext.invokeChannelRead(AbstractChannelHandlerContext.java:420)
	at io.netty.channel.DefaultChannelPipeline.fireChannelRead(DefaultChannelPipeline.java:868)
	at io.netty.channel.nio.AbstractNioByteChannel$NioByteUnsafe.read(AbstractNioByteChannel.java:166)
	at io.netty.channel.nio.NioEventLoop.processSelectedKey(NioEventLoop.java:796)
	at io.netty.channel.nio.NioEventLoop.processSelectedKeysOptimized(NioEventLoop.java:732)
	at io.netty.channel.nio.NioEventLoop.processSelectedKeys(NioEventLoop.java:658)
	at io.netty.channel.nio.NioEventLoop.run(NioEventLoop.java:562)
	at io.netty.util.concurrent.SingleThreadEventExecutor$4.run(SingleThreadEventExecutor.java:998)
	at io.netty.util.internal.ThreadExecutorMap$2.run(ThreadExecutorMap.java:74)
	at io.netty.util.concurrent.FastThreadLocalRunnable.run(FastThreadLocalRunnable.java:30)
	at java.base@21.0.7/java.lang.Thread.runWith(Thread.java:1596)
	at java.base@21.0.7/java.lang.Thread.run(Thread.java:1583)
	at org.graalvm.nativeimage.builder/com.oracle.svm.core.thread.PlatformThreads.threadStartRoutine(PlatformThreads.java:896)
	at org.graalvm.nativeimage.builder/com.oracle.svm.core.thread.PlatformThreads.threadStartRoutine(PlatformThreads.java:872)
2025-05-28 14:42:59 [default-nioEventLoopGroup-1-18] ERROR o.e.e.a.e.GlobalExceptionHandler - Exception org.eclipse.esmf.aspectmodel.urn.UrnSyntaxException with response code INTERNAL_SERVER_ERROR for request /ame/api/models
org.eclipse.esmf.aspectmodel.urn.UrnSyntaxException: The URN must consist of at least 5 sections adhering to the following schema: urn:samm:<organisation>:<optional>:<version>#<element-name>.
	at org.eclipse.esmf.aspectmodel.urn.AspectModelUrn.checkUrn(AspectModelUrn.java:468)
	at org.eclipse.esmf.aspectmodel.urn.AspectModelUrn.fromUrn(AspectModelUrn.java:125)
	at org.eclipse.esmf.aspectmodel.urn.AspectModelUrn.fromUrn(AspectModelUrn.java:106)
	at org.eclipse.esmf.ame.services.ModelService.loadModelFromUrn(ModelService.java:92)
	at org.eclipse.esmf.ame.services.ModelService.getModel(ModelService.java:79)
	at org.eclipse.esmf.ame.api.ModelController.getModel(ModelController.java:69)
	at org.eclipse.esmf.ame.api.$ModelController$Definition$Exec.dispatch(Unknown Source)
	at io.micronaut.context.AbstractExecutableMethodsDefinition$DispatchedExecutableMethod.invokeUnsafe(AbstractExecutableMethodsDefinition.java:461)
	at io.micronaut.context.DefaultBeanContext$BeanContextUnsafeExecutionHandle.invokeUnsafe(DefaultBeanContext.java:4354)
	at io.micronaut.web.router.AbstractRouteMatch.execute(AbstractRouteMatch.java:272)
	at io.micronaut.web.router.DefaultUriRouteMatch.execute(DefaultUriRouteMatch.java:38)
	at io.micronaut.http.server.RouteExecutor.executeRouteAndConvertBody(RouteExecutor.java:488)
	at io.micronaut.http.server.RouteExecutor.callRoute(RouteExecutor.java:478)
	at io.micronaut.http.server.RequestLifecycle.callRoute(RequestLifecycle.java:182)
	at io.micronaut.http.server.RequestLifecycle.executeRoute(RequestLifecycle.java:170)
	at io.micronaut.http.server.RequestLifecycle$2.provideResponse(RequestLifecycle.java:390)
	at io.micronaut.http.filter.FilterRunner.provideResponseAndHandleErrors(FilterRunner.java:372)
	at io.micronaut.http.filter.FilterRunner.filterRequest(FilterRunner.java:307)
	at io.micronaut.http.filter.FilterRunner.run(FilterRunner.java:247)
	at io.micronaut.http.server.RequestLifecycle.runServerFilters(RequestLifecycle.java:422)
	at io.micronaut.http.server.RequestLifecycle.normalFlow(RequestLifecycle.java:160)
	at io.micronaut.http.server.netty.NettyRequestLifecycle.handleNormal(NettyRequestLifecycle.java:93)
	at io.micronaut.http.server.netty.RoutingInBoundHandler.accept(RoutingInBoundHandler.java:236)
	at io.micronaut.http.server.netty.websocket.NettyServerWebSocketUpgradeHandler.accept(NettyServerWebSocketUpgradeHandler.java:156)
	at io.micronaut.http.server.netty.handler.PipeliningServerHandler$MessageInboundHandler.read(PipeliningServerHandler.java:394)
	at io.micronaut.http.server.netty.handler.PipeliningServerHandler.channelRead(PipeliningServerHandler.java:218)
	at io.netty.channel.AbstractChannelHandlerContext.invokeChannelRead(AbstractChannelHandlerContext.java:444)
	at io.netty.channel.AbstractChannelHandlerContext.invokeChannelRead(AbstractChannelHandlerContext.java:420)
	at io.netty.channel.AbstractChannelHandlerContext.fireChannelRead(AbstractChannelHandlerContext.java:412)
	at io.netty.channel.ChannelInboundHandlerAdapter.channelRead(ChannelInboundHandlerAdapter.java:93)
	at io.netty.handler.codec.http.websocketx.extensions.WebSocketServerExtensionHandler.onHttpRequestChannelRead(WebSocketServerExtensionHandler.java:158)
	at io.netty.handler.codec.http.websocketx.extensions.WebSocketServerExtensionHandler.channelRead(WebSocketServerExtensionHandler.java:82)
	at io.netty.channel.AbstractChannelHandlerContext.invokeChannelRead(AbstractChannelHandlerContext.java:442)
	at io.netty.channel.AbstractChannelHandlerContext.invokeChannelRead(AbstractChannelHandlerContext.java:420)
	at io.netty.channel.AbstractChannelHandlerContext.fireChannelRead(AbstractChannelHandlerContext.java:412)
	at io.netty.channel.CombinedChannelDuplexHandler$DelegatingChannelHandlerContext.fireChannelRead(CombinedChannelDuplexHandler.java:436)
	at io.netty.handler.codec.ByteToMessageDecoder.fireChannelRead(ByteToMessageDecoder.java:346)
	at io.netty.handler.codec.ByteToMessageDecoder.channelRead(ByteToMessageDecoder.java:318)
	at io.netty.channel.CombinedChannelDuplexHandler.channelRead(CombinedChannelDuplexHandler.java:251)
	at io.netty.channel.AbstractChannelHandlerContext.invokeChannelRead(AbstractChannelHandlerContext.java:442)
	at io.netty.channel.AbstractChannelHandlerContext.invokeChannelRead(AbstractChannelHandlerContext.java:420)
	at io.netty.channel.AbstractChannelHandlerContext.fireChannelRead(AbstractChannelHandlerContext.java:412)
	at io.netty.handler.timeout.IdleStateHandler.channelRead(IdleStateHandler.java:289)
	at io.netty.channel.AbstractChannelHandlerContext.invokeChannelRead(AbstractChannelHandlerContext.java:442)
	at io.netty.channel.AbstractChannelHandlerContext.invokeChannelRead(AbstractChannelHandlerContext.java:420)
	at io.netty.channel.AbstractChannelHandlerContext.fireChannelRead(AbstractChannelHandlerContext.java:412)
	at io.netty.channel.DefaultChannelPipeline$HeadContext.channelRead(DefaultChannelPipeline.java:1357)
	at io.netty.channel.AbstractChannelHandlerContext.invokeChannelRead(AbstractChannelHandlerContext.java:440)
	at io.netty.channel.AbstractChannelHandlerContext.invokeChannelRead(AbstractChannelHandlerContext.java:420)
	at io.netty.channel.DefaultChannelPipeline.fireChannelRead(DefaultChannelPipeline.java:868)
	at io.netty.channel.nio.AbstractNioByteChannel$NioByteUnsafe.read(AbstractNioByteChannel.java:166)
	at io.netty.channel.nio.NioEventLoop.processSelectedKey(NioEventLoop.java:796)
	at io.netty.channel.nio.NioEventLoop.processSelectedKeysOptimized(NioEventLoop.java:732)
	at io.netty.channel.nio.NioEventLoop.processSelectedKeys(NioEventLoop.java:658)
	at io.netty.channel.nio.NioEventLoop.run(NioEventLoop.java:562)
	at io.netty.util.concurrent.SingleThreadEventExecutor$4.run(SingleThreadEventExecutor.java:998)
	at io.netty.util.internal.ThreadExecutorMap$2.run(ThreadExecutorMap.java:74)
	at io.netty.util.concurrent.FastThreadLocalRunnable.run(FastThreadLocalRunnable.java:30)
	at java.base@21.0.7/java.lang.Thread.runWith(Thread.java:1596)
	at java.base@21.0.7/java.lang.Thread.run(Thread.java:1583)
	at org.graalvm.nativeimage.builder/com.oracle.svm.core.thread.PlatformThreads.threadStartRoutine(PlatformThreads.java:896)
	at org.graalvm.nativeimage.builder/com.oracle.svm.core.thread.PlatformThreads.threadStartRoutine(PlatformThreads.java:872)
2025-05-28 15:08:06 [default-nioEventLoopGroup-1-22] INFO  o.e.e.a.e.GlobalExceptionHandler - Exception org.eclipse.esmf.ame.exceptions.FileNotFoundException with response code NOT_FOUND for request /ame/api/models
2025-05-28 17:39:04 [main] INFO  i.m.l.PropertiesLoggingLevelsConfigurer - Setting log level 'INFO' for logger: 'io.micronaut'
2025-05-28 17:39:04 [main] INFO  i.m.l.PropertiesLoggingLevelsConfigurer - Setting log level 'INFO' for logger: 'io.micronaut.security'
2025-05-28 17:39:04 [main] INFO  io.micronaut.runtime.Micronaut - Startup completed in 120ms. Server Running: http://127.0.0.1:30000/ame/api
2025-05-29 14:14:57 [main] INFO  i.m.l.PropertiesLoggingLevelsConfigurer - Setting log level 'INFO' for logger: 'io.micronaut'
2025-05-29 14:14:57 [main] INFO  i.m.l.PropertiesLoggingLevelsConfigurer - Setting log level 'INFO' for logger: 'io.micronaut.security'
2025-05-29 14:14:57 [main] INFO  io.micronaut.runtime.Micronaut - Startup completed in 157ms. Server Running: http://127.0.0.1:30000/ame/api
2025-05-29 14:16:22 [default-nioEventLoopGroup-1-2] INFO  o.e.e.a.e.GlobalExceptionHandler - Exception org.eclipse.esmf.aspectmodel.AspectLoadingException with response code CONFLICT for request /ame/api/models/namespaces?shouldRefresh=true
2025-05-29 14:16:22 [default-nioEventLoopGroup-1-2] INFO  o.e.e.a.e.GlobalExceptionHandler - Exception org.eclipse.esmf.aspectmodel.AspectLoadingException with response code CONFLICT for request /ame/api/models/namespaces?shouldRefresh=true
2025-05-29 14:16:33 [default-nioEventLoopGroup-1-2] INFO  o.e.e.a.e.GlobalExceptionHandler - Exception org.eclipse.esmf.aspectmodel.AspectLoadingException with response code CONFLICT for request /ame/api/models/namespaces?shouldRefresh=true
2025-05-29 14:17:52 [default-nioEventLoopGroup-1-2] INFO  o.e.e.a.e.GlobalExceptionHandler - Exception org.eclipse.esmf.aspectmodel.AspectLoadingException with response code CONFLICT for request /ame/api/models/namespaces?shouldRefresh=true
2025-05-29 14:18:04 [default-nioEventLoopGroup-1-2] INFO  o.e.e.a.e.GlobalExceptionHandler - Exception org.eclipse.esmf.aspectmodel.AspectLoadingException with response code CONFLICT for request /ame/api/models/namespaces?shouldRefresh=true
2025-05-29 14:18:10 [default-nioEventLoopGroup-1-2] INFO  o.e.e.a.e.GlobalExceptionHandler - Exception org.eclipse.esmf.aspectmodel.AspectLoadingException with response code CONFLICT for request /ame/api/models/namespaces?shouldRefresh=true
2025-05-29 14:18:53 [default-nioEventLoopGroup-1-2] INFO  o.e.e.a.e.GlobalExceptionHandler - Exception org.eclipse.esmf.aspectmodel.AspectLoadingException with response code CONFLICT for request /ame/api/models/namespaces?shouldRefresh=true
2025-05-29 14:21:37 [default-nioEventLoopGroup-1-2] INFO  o.e.e.a.e.GlobalExceptionHandler - Exception org.eclipse.esmf.aspectmodel.AspectLoadingException with response code CONFLICT for request /ame/api/models/namespaces?shouldRefresh=true
2025-05-29 14:27:17 [default-nioEventLoopGroup-1-4] INFO  o.e.e.a.e.GlobalExceptionHandler - Exception org.eclipse.esmf.aspectmodel.AspectLoadingException with response code CONFLICT for request /ame/api/models/namespaces?shouldRefresh=true
2025-05-29 14:28:15 [default-nioEventLoopGroup-1-4] INFO  o.e.e.a.e.GlobalExceptionHandler - Exception org.eclipse.esmf.aspectmodel.AspectLoadingException with response code CONFLICT for request /ame/api/models/namespaces?shouldRefresh=true
2025-05-29 14:28:44 [default-nioEventLoopGroup-1-4] INFO  o.e.e.a.e.GlobalExceptionHandler - Exception org.eclipse.esmf.aspectmodel.AspectLoadingException with response code CONFLICT for request /ame/api/models/namespaces?shouldRefresh=true
2025-05-29 14:28:58 [default-nioEventLoopGroup-1-4] INFO  o.e.e.a.e.GlobalExceptionHandler - Exception org.eclipse.esmf.aspectmodel.AspectLoadingException with response code CONFLICT for request /ame/api/models/namespaces?shouldRefresh=true
2025-05-29 14:29:58 [default-nioEventLoopGroup-1-4] INFO  o.e.e.a.e.GlobalExceptionHandler - Exception org.eclipse.esmf.aspectmodel.AspectLoadingException with response code CONFLICT for request /ame/api/models/namespaces?shouldRefresh=true
2025-05-29 14:30:11 [default-nioEventLoopGroup-1-4] INFO  o.e.e.a.e.GlobalExceptionHandler - Exception org.eclipse.esmf.aspectmodel.AspectLoadingException with response code CONFLICT for request /ame/api/models/namespaces?shouldRefresh=true
2025-05-29 14:30:39 [default-nioEventLoopGroup-1-4] INFO  o.e.e.a.e.GlobalExceptionHandler - Exception org.eclipse.esmf.aspectmodel.AspectLoadingException with response code CONFLICT for request /ame/api/models/namespaces?shouldRefresh=true
2025-05-29 14:30:40 [default-nioEventLoopGroup-1-4] INFO  o.e.e.a.e.GlobalExceptionHandler - Exception org.eclipse.esmf.aspectmodel.AspectLoadingException with response code CONFLICT for request /ame/api/models/namespaces?shouldRefresh=true
2025-05-29 14:31:35 [default-nioEventLoopGroup-1-4] INFO  o.e.e.a.e.GlobalExceptionHandler - Exception org.eclipse.esmf.aspectmodel.AspectLoadingException with response code CONFLICT for request /ame/api/models/namespaces?shouldRefresh=true
2025-05-29 14:31:35 [default-nioEventLoopGroup-1-4] INFO  o.e.e.a.e.GlobalExceptionHandler - Exception org.eclipse.esmf.aspectmodel.AspectLoadingException with response code CONFLICT for request /ame/api/models/namespaces?shouldRefresh=true
2025-05-29 14:31:35 [default-nioEventLoopGroup-1-4] ERROR i.m.h.s.netty.RoutingInBoundHandler - Micronaut Server Error - No request state present. Cause: An established connection was aborted by the software in your host machine
java.io.IOException: An established connection was aborted by the software in your host machine
	at java.base@21.0.7/sun.nio.ch.SocketDispatcher.read0(Native Method)
	at java.base@21.0.7/sun.nio.ch.SocketDispatcher.read(SocketDispatcher.java:46)
	at java.base@21.0.7/sun.nio.ch.IOUtil.readIntoNativeBuffer(IOUtil.java:340)
	at java.base@21.0.7/sun.nio.ch.IOUtil.read(IOUtil.java:294)
	at java.base@21.0.7/sun.nio.ch.IOUtil.read(IOUtil.java:269)
	at java.base@21.0.7/sun.nio.ch.SocketChannelImpl.read(SocketChannelImpl.java:425)
	at io.netty.buffer.PooledByteBuf.setBytes(PooledByteBuf.java:255)
	at io.netty.buffer.AbstractByteBuf.writeBytes(AbstractByteBuf.java:1132)
	at io.netty.channel.socket.nio.NioSocketChannel.doReadBytes(NioSocketChannel.java:356)
	at io.netty.channel.nio.AbstractNioByteChannel$NioByteUnsafe.read(AbstractNioByteChannel.java:151)
	at io.netty.channel.nio.NioEventLoop.processSelectedKey(NioEventLoop.java:796)
	at io.netty.channel.nio.NioEventLoop.processSelectedKeysOptimized(NioEventLoop.java:732)
	at io.netty.channel.nio.NioEventLoop.processSelectedKeys(NioEventLoop.java:658)
	at io.netty.channel.nio.NioEventLoop.run(NioEventLoop.java:562)
	at io.netty.util.concurrent.SingleThreadEventExecutor$4.run(SingleThreadEventExecutor.java:998)
	at io.netty.util.internal.ThreadExecutorMap$2.run(ThreadExecutorMap.java:74)
	at io.netty.util.concurrent.FastThreadLocalRunnable.run(FastThreadLocalRunnable.java:30)
	at java.base@21.0.7/java.lang.Thread.runWith(Thread.java:1596)
	at java.base@21.0.7/java.lang.Thread.run(Thread.java:1583)
	at org.graalvm.nativeimage.builder/com.oracle.svm.core.thread.PlatformThreads.threadStartRoutine(PlatformThreads.java:896)
	at org.graalvm.nativeimage.builder/com.oracle.svm.core.thread.PlatformThreads.threadStartRoutine(PlatformThreads.java:872)
2025-05-29 14:31:46 [default-nioEventLoopGroup-1-6] INFO  o.e.e.a.e.GlobalExceptionHandler - Exception org.eclipse.esmf.aspectmodel.AspectLoadingException with response code CONFLICT for request /ame/api/models/namespaces?shouldRefresh=true
2025-05-29 14:31:46 [default-nioEventLoopGroup-1-6] INFO  o.e.e.a.e.GlobalExceptionHandler - Exception org.eclipse.esmf.aspectmodel.AspectLoadingException with response code CONFLICT for request /ame/api/models/namespaces?shouldRefresh=true
